1552478576846	geckodriver	INFO	geckodriver 0.19.1
1552478576848	geckodriver	INFO	Listening on 127.0.0.1:58645
1552478577980	mozrunner::runner	INFO	Running command: "/usr/bin/firefox" "-marionette" "-profile" "/tmp/rust_mozprofile.YoHdqfqyMzwF"
1552478578324	addons.webextension.screenshots@mozilla.org	WARN	Loading extension 'screenshots@mozilla.org': Reading manifest: Invalid extension permission: mozillaAddons
1552478578325	addons.webextension.screenshots@mozilla.org	WARN	Loading extension 'screenshots@mozilla.org': Reading manifest: Invalid extension permission: resource://pdf.js/
1552478578325	addons.webextension.screenshots@mozilla.org	WARN	Loading extension 'screenshots@mozilla.org': Reading manifest: Invalid extension permission: about:reader*
1552478578404	addons.xpi-utils	WARN	Add-on langpack-en-GB@firefox.mozilla.org is not compatible with application version.
1552478578404	addons.xpi-utils	WARN	Add-on langpack-en-GB@firefox.mozilla.org is not compatible with application version.
1552478578404	addons.xpi-utils	WARN	Add-on langpack-en-GB@firefox.mozilla.org is not compatible with application version.
1552478578408	addons.xpi-utils	WARN	Add-on langpack-en-ZA@firefox.mozilla.org is not compatible with application version.
1552478578408	addons.xpi-utils	WARN	Add-on langpack-en-ZA@firefox.mozilla.org is not compatible with application version.
1552478578409	addons.xpi-utils	WARN	Add-on langpack-en-ZA@firefox.mozilla.org is not compatible with application version.
1552478578412	addons.xpi-utils	WARN	Add-on langpack-en-CA@firefox.mozilla.org is not compatible with application version.
1552478578413	addons.xpi-utils	WARN	Add-on langpack-en-CA@firefox.mozilla.org is not compatible with application version.
1552478578413	addons.xpi-utils	WARN	Add-on langpack-en-CA@firefox.mozilla.org is not compatible with application version.
1552478578443	Marionette	TRACE	Received observer notification profile-after-change
1552478578499	Marionette	TRACE	Received observer notification command-line-startup
1552478578499	Marionette	TRACE	Received observer notification nsPref:changed
1552478578500	Marionette	DEBUG	Init aborted (running=false, enabled=true, finalUIStartup=false)
1552478580559	Marionette	TRACE	Received observer notification toplevel-window-ready
1552478582370	Marionette	TRACE	Received observer notification sessionstore-windows-restored
1552478582370	Marionette	TRACE	Received observer notification marionette-startup-requested
1552478582370	Marionette	TRACE	Waiting until startup recorder finished recording startup scripts...
1552478582520	Marionette	TRACE	All scripts recorded.
1552478582522	Marionette	DEBUG	Setting recommended pref app.update.disabledForTesting to true
1552478582523	Marionette	DEBUG	Setting recommended pref browser.contentblocking.introCount to 99
1552478582524	Marionette	DEBUG	Setting recommended pref datareporting.policy.dataSubmissionPolicyAccepted to false
1552478582524	Marionette	DEBUG	Setting recommended pref dom.disable_beforeunload to true
1552478582524	Marionette	DEBUG	Setting recommended pref toolkit.cosmeticAnimations.enabled to false
1552478582578	Marionette	INFO	Listening on port 33211
1552478582578	Marionette	DEBUG	Remote service is active
1552478582621	Marionette	DEBUG	Accepted connection 0 from 127.0.0.1:33382
1552478582624	Marionette	DEBUG	0 -> [0,1,"newSession",{"acceptInsecureCerts":true,"browserName":"firefox","capabilities":{"desiredCapabilities":{"acceptInsecureCerts":true,"browserName":"firefox"}}}]
1552478582624	Marionette	DEBUG	0 <- [1,1,{"error":"unknown command","message":"newSession","stacktrace":"WebDriverError@chrome://marionette/content/error.js:179: ... t@chrome://marionette/content/server.js:236:9\n_onJSONObjectReady/<@chrome://marionette/content/transport.js:492:20\n"},null]
[Child 28829, Chrome_ChildThread] WARNING: pipe error (53): Connection reset by peer: file /build/firefox-tztiXr/firefox-67.0~b1+build1/ipc/chromium/src/chrome/common/ipc_channel_posix.cc, line 357
[Child 28829, Chrome_ChildThread] WARNING: pipe error (32): Connection reset by peer: file /build/firefox-tztiXr/firefox-67.0~b1+build1/ipc/chromium/src/chrome/common/ipc_channel_posix.cc, line 357
[Child 28829, Chrome_ChildThread] WARNING: pipe error (52): Connection reset by peer: file /build/firefox-tztiXr/firefox-67.0~b1+build1/ipc/chromium/src/chrome/common/ipc_channel_posix.cc, line 357
[Child 28829, Chrome_ChildThread] WARNING: pipe error (50): Connection reset by peer: file /build/firefox-tztiXr/firefox-67.0~b1+build1/ipc/chromium/src/chrome/common/ipc_channel_posix.cc, line 357
[Child 28829, Chrome_ChildThread] WARNING: pipe error (49): Connection reset by peer: file /build/firefox-tztiXr/firefox-67.0~b1+build1/ipc/chromium/src/chrome/common/ipc_channel_posix.cc, line 357
Exiting due to channel error.
Exiting due to channel error.
[Child 28829, Chrome_ChildThread] WARNING: pipe error (48): Connection reset by peer: file /build/firefox-tztiXr/firefox-67.0~b1+build1/ipc/chromium/src/chrome/common/ipc_channel_posix.cc, line 357
[Child 28829, Chrome_ChildThread] WARNING: pipe error (3): Connection reset by peer: file /build/firefox-tztiXr/firefox-67.0~b1+build1/ipc/chromium/src/chrome/common/ipc_channel_posix.cc, line 357
Exiting due to channel error.
1552478613642	geckodriver	INFO	geckodriver 0.19.1
1552478613645	geckodriver	INFO	Listening on 127.0.0.1:50313
1552478614746	mozrunner::runner	INFO	Running command: "/usr/bin/firefox" "-marionette" "-profile" "/tmp/rust_mozprofile.LMoaIyij1wHL"
1552478615080	addons.webextension.screenshots@mozilla.org	WARN	Loading extension 'screenshots@mozilla.org': Reading manifest: Invalid extension permission: mozillaAddons
1552478615081	addons.webextension.screenshots@mozilla.org	WARN	Loading extension 'screenshots@mozilla.org': Reading manifest: Invalid extension permission: resource://pdf.js/
1552478615081	addons.webextension.screenshots@mozilla.org	WARN	Loading extension 'screenshots@mozilla.org': Reading manifest: Invalid extension permission: about:reader*
1552478615158	addons.xpi-utils	WARN	Add-on langpack-en-GB@firefox.mozilla.org is not compatible with application version.
1552478615158	addons.xpi-utils	WARN	Add-on langpack-en-GB@firefox.mozilla.org is not compatible with application version.
1552478615159	addons.xpi-utils	WARN	Add-on langpack-en-GB@firefox.mozilla.org is not compatible with application version.
1552478615163	addons.xpi-utils	WARN	Add-on langpack-en-ZA@firefox.mozilla.org is not compatible with application version.
1552478615163	addons.xpi-utils	WARN	Add-on langpack-en-ZA@firefox.mozilla.org is not compatible with application version.
1552478615163	addons.xpi-utils	WARN	Add-on langpack-en-ZA@firefox.mozilla.org is not compatible with application version.
1552478615167	addons.xpi-utils	WARN	Add-on langpack-en-CA@firefox.mozilla.org is not compatible with application version.
1552478615167	addons.xpi-utils	WARN	Add-on langpack-en-CA@firefox.mozilla.org is not compatible with application version.
1552478615167	addons.xpi-utils	WARN	Add-on langpack-en-CA@firefox.mozilla.org is not compatible with application version.
1552478615197	Marionette	TRACE	Received observer notification profile-after-change
1552478615259	Marionette	TRACE	Received observer notification command-line-startup
1552478615259	Marionette	TRACE	Received observer notification nsPref:changed
1552478615259	Marionette	DEBUG	Init aborted (running=false, enabled=true, finalUIStartup=false)
1552478615941	Marionette	TRACE	Received observer notification toplevel-window-ready
1552478617329	Marionette	TRACE	Received observer notification sessionstore-windows-restored
1552478617329	Marionette	TRACE	Received observer notification marionette-startup-requested
1552478617329	Marionette	TRACE	Waiting until startup recorder finished recording startup scripts...
1552478617481	Marionette	TRACE	All scripts recorded.
1552478617481	Marionette	DEBUG	Setting recommended pref app.update.disabledForTesting to true
1552478617481	Marionette	DEBUG	Setting recommended pref browser.contentblocking.introCount to 99
1552478617482	Marionette	DEBUG	Setting recommended pref datareporting.policy.dataSubmissionPolicyAccepted to false
1552478617482	Marionette	DEBUG	Setting recommended pref dom.disable_beforeunload to true
1552478617482	Marionette	DEBUG	Setting recommended pref toolkit.cosmeticAnimations.enabled to false
1552478617518	Marionette	INFO	Listening on port 42227
1552478617519	Marionette	DEBUG	Remote service is active
1552478617560	Marionette	DEBUG	Accepted connection 0 from 127.0.0.1:48260
1552478617566	Marionette	DEBUG	0 -> [0,1,"newSession",{"acceptInsecureCerts":true,"browserName":"firefox","capabilities":{"desiredCapabilities":{"acceptInsecureCerts":true,"browserName":"firefox"}}}]
1552478617566	Marionette	DEBUG	0 <- [1,1,{"error":"unknown command","message":"newSession","stacktrace":"WebDriverError@chrome://marionette/content/error.js:179: ... t@chrome://marionette/content/server.js:236:9\n_onJSONObjectReady/<@chrome://marionette/content/transport.js:492:20\n"},null]
Exiting due to channel error.
Exiting due to channel error.
